<?xml version="1.0" encoding="UTF-8"?>
<!-- Generated by org.testng.reporters.JUnitReportReporter -->
<testsuite hostname="DESKTOP-UEQMKFQ" failures="0" tests="1" name="work.selenium.tests.LoginTest" time="11.313" errors="0" timestamp="2022-04-02T21:01:15 YEKT" skipped="0">
  <testcase classname="work.selenium.tests.LoginTest" name="testLogin" time="11.313"/>
  <system-out/>
</testsuite> <!-- work.selenium.tests.LoginTest -->
