<?xml version="1.0" encoding="UTF-8"?>
<!-- Generated by org.testng.reporters.JUnitReportReporter -->
<testsuite hostname="DESKTOP-UEQMKFQ" failures="0" tests="3" name="work.selenium.tests.TasksTest" time="17.348" errors="0" timestamp="2022-04-02T21:01:15 YEKT" skipped="0">
  <testcase classname="work.selenium.tests.TasksTest" name="testThatTaskCreated" time="10.112"/>
  <system-out/>
  <testcase classname="work.selenium.tests.TasksTest" name="testThatAssignedUserChangesRight" time="7.118"/>
  <system-out/>
  <testcase classname="work.selenium.tests.TasksTest" name="testThatTaskCreatedRight" time="0.118"/>
  <system-out/>
</testsuite> <!-- work.selenium.tests.TasksTest -->
